11-16 20:14:26 928 Thread-8 INFO - {dataSource-1} inited
11-16 20:14:39 218 trans-pool-1-thread-1 INFO - com.isuwang.soa.scala.task.service.TaskAdminService 1.0.0 getServiceMetadata operatorId:Optional.empty operatorName:Optional.empty request body:getServiceMetadata_args()
11-16 20:14:39 222 trans-pool-1-thread-1 DEBUG - com.isuwang.soa.scala.task.service.TaskAdminService 1.0.0 getServiceMetadata Optional.empty request header:Optional.empty body:getServiceMetadata_args()
11-16 20:14:39 232 trans-pool-1-thread-1 INFO - com.isuwang.soa.scala.task.service.TaskAdminService 1.0.0 getServiceMetadata operatorId:Optional.empty operatorName:Optional.empty response body:getServiceMetadata_result(<?xml version="1.0" encoding="UTF-8" standalone="yes"?>
<service namespace="com.isuwang.soa.scala.task...(47005)
11-16 20:14:39 232 trans-pool-1-thread-1 DEBUG - com.isuwang.soa.scala.task.service.TaskAdminService 1.0.0 getServiceMetadata Optional.empty response header:Optional.empty body:getServiceMetadata_result(<?xml version="1.0" encoding="UTF-8" standalone="yes"?>
<service namespace="com.isuwang.soa.scala.task...(47005)
11-16 20:14:39 342 trans-pool-1-thread-2 INFO - com.isuwang.soa.scala.task.service.TaskBusinessService 1.0.0 getServiceMetadata operatorId:Optional.empty operatorName:Optional.empty request body:getServiceMetadata_args()
11-16 20:14:39 342 trans-pool-1-thread-2 DEBUG - com.isuwang.soa.scala.task.service.TaskBusinessService 1.0.0 getServiceMetadata Optional.empty request header:Optional.empty body:getServiceMetadata_args()
11-16 20:14:39 344 trans-pool-1-thread-2 INFO - com.isuwang.soa.scala.task.service.TaskBusinessService 1.0.0 getServiceMetadata operatorId:Optional.empty operatorName:Optional.empty response body:getServiceMetadata_result(<?xml version="1.0" encoding="UTF-8" standalone="yes"?>
<service namespace="com.isuwang.soa.scala.task...(13728)
11-16 20:14:39 344 trans-pool-1-thread-2 DEBUG - com.isuwang.soa.scala.task.service.TaskBusinessService 1.0.0 getServiceMetadata Optional.empty response header:Optional.empty body:getServiceMetadata_result(<?xml version="1.0" encoding="UTF-8" standalone="yes"?>
<service namespace="com.isuwang.soa.scala.task...(13728)
11-16 20:14:39 355 trans-pool-1-thread-3 INFO - com.isuwang.soa.scala.task.service.TaskSuggestionService 1.0.0 getServiceMetadata operatorId:Optional.empty operatorName:Optional.empty request body:getServiceMetadata_args()
11-16 20:14:39 356 trans-pool-1-thread-3 DEBUG - com.isuwang.soa.scala.task.service.TaskSuggestionService 1.0.0 getServiceMetadata Optional.empty request header:Optional.empty body:getServiceMetadata_args()
11-16 20:14:39 358 trans-pool-1-thread-3 INFO - com.isuwang.soa.scala.task.service.TaskSuggestionService 1.0.0 getServiceMetadata operatorId:Optional.empty operatorName:Optional.empty response body:getServiceMetadata_result(<?xml version="1.0" encoding="UTF-8" standalone="yes"?>
<service namespace="com.isuwang.soa.scala.task...(14123)
11-16 20:14:39 358 trans-pool-1-thread-3 DEBUG - com.isuwang.soa.scala.task.service.TaskSuggestionService 1.0.0 getServiceMetadata Optional.empty response header:Optional.empty body:getServiceMetadata_result(<?xml version="1.0" encoding="UTF-8" standalone="yes"?>
<service namespace="com.isuwang.soa.scala.task...(14123)
11-16 20:15:54 486 trans-pool-1-thread-4 INFO - com.isuwang.soa.scala.task.service.TaskAdminService 1.0.0 findTasks operatorId:Optional.empty operatorName:Optional.empty request body:findTasks_args(TTaskRequest(TPageRequest(1,10,None),None,None,None,None,None,None,None,None,None,None))
11-16 20:15:54 487 trans-pool-1-thread-4 DEBUG - com.isuwang.soa.scala.task.service.TaskAdminService 1.0.0 findTasks Optional.empty request header:Optional.empty body:findTasks_args(TTaskRequest(TPageRequest(1,10,None),None,None,None,None,None,None,None,None,None,None))
11-16 20:15:54 635 trans-pool-1-thread-4 DEBUG - SQL Preparing:  SELECT COUNT(*) FROM `task`  WHERE 1=1 args: List()
11-16 20:15:54 651 trans-pool-1-thread-4 DEBUG - SQL Preparing:  SELECT * FROM `task`  WHERE 1=1 args: List()
11-16 20:15:54 697 trans-pool-1-thread-4 ERROR - The ResultSet have no field taskNo but it is required
java.lang.RuntimeException: The ResultSet have no field taskNo but it is required
	at wangzx.scala_commons.sql.package$CaseClassResultSetMapper$Field.apply(package.scala:50) ~[scala-sql_2.12-2.0.0.jar:2.0.0]
	at com.isuwang.soa.scala.task.TaskAdminServiceImpl$$anon$1.from(TaskAdminServiceImpl.scala:32) ~[classes/:na]
	at com.isuwang.soa.scala.task.TaskAdminServiceImpl$$anon$1.from(TaskAdminServiceImpl.scala:32) ~[classes/:na]
	at wangzx.scala_commons.sql.RichConnection.$anonfun$rows$1(RichConnection.scala:122) ~[scala-sql_2.12-2.0.0.jar:2.0.0]
	at wangzx.scala_commons.sql.RichConnection$$Lambda$3769/2063100114.apply(Unknown Source) ~[na:na]
	at wangzx.scala_commons.sql.RichConnection.withPreparedStatement(RichConnection.scala:32) ~[scala-sql_2.12-2.0.0.jar:2.0.0]
	at wangzx.scala_commons.sql.RichConnection.rows(RichConnection.scala:112) ~[scala-sql_2.12-2.0.0.jar:2.0.0]
	at wangzx.scala_commons.sql.RichDataSource.$anonfun$rows$1(RichDataSource.scala:36) ~[scala-sql_2.12-2.0.0.jar:2.0.0]
	at wangzx.scala_commons.sql.RichDataSource$$Lambda$3768/704866727.apply(Unknown Source) ~[na:na]
	at wangzx.scala_commons.sql.RichDataSource.withConnection(RichDataSource.scala:12) ~[scala-sql_2.12-2.0.0.jar:2.0.0]
	at wangzx.scala_commons.sql.RichDataSource.rows(RichDataSource.scala:36) ~[scala-sql_2.12-2.0.0.jar:2.0.0]
	at com.isuwang.soa.scala.task.TaskAdminServiceImpl.findTasks(TaskAdminServiceImpl.scala:32) ~[classes/:na]
	at com.isuwang.soa.scala.task.TaskAdminServiceCodec$findTasks.getResult(TaskAdminServiceCodec.scala:168) ~[classes/:na]
	at com.isuwang.soa.scala.task.TaskAdminServiceCodec$findTasks.getResult(TaskAdminServiceCodec.scala:158) ~[classes/:na]
	at com.isuwang.dapeng.core.SoaCommonBaseProcessor.lambda$process$0(SoaCommonBaseProcessor.java:84) ~[dapeng-core-1.2.1.jar:na]
	at com.isuwang.dapeng.core.SoaCommonBaseProcessor$$Lambda$3749/1291591945.doAction(Unknown Source) ~[na:na]
	at com.isuwang.dapeng.core.filter.container.DispatchFilter.doFilter(DispatchFilter.java:27) ~[dapeng-core-1.2.1.jar:na]
	at com.isuwang.dapeng.core.filter.container.ContainerFilterChain.doFilter(ContainerFilterChain.java:35) ~[dapeng-core-1.2.1.jar:na]
	at com.isuwang.dapeng.container.filter.SlowTimeServiceFilter.doFilter(SlowTimeServiceFilter.java:29) ~[na:na]
	at com.isuwang.dapeng.core.filter.container.ContainerFilterChain.doFilter(ContainerFilterChain.java:35) ~[dapeng-core-1.2.1.jar:na]
	at com.isuwang.dapeng.container.filter.ProviderTimesFilter.doFilter(ProviderTimesFilter.java:29) ~[na:na]
	at com.isuwang.dapeng.core.filter.container.ContainerFilterChain.doFilter(ContainerFilterChain.java:35) ~[dapeng-core-1.2.1.jar:na]
	at com.isuwang.dapeng.container.filter.SoaGlobalTransactionalFilter.doFilter(SoaGlobalTransactionalFilter.java:50) ~[na:na]
	at com.isuwang.dapeng.core.filter.container.ContainerFilterChain.doFilter(ContainerFilterChain.java:35) ~[dapeng-core-1.2.1.jar:na]
	at com.isuwang.dapeng.core.SoaCommonBaseProcessor.process(SoaCommonBaseProcessor.java:103) ~[dapeng-core-1.2.1.jar:na]
	at com.isuwang.dapeng.container.netty.SoaServerHandler.processRequest(SoaServerHandler.java:299) ~[na:na]
	at com.isuwang.dapeng.container.netty.SoaServerHandler.lambda$readRequestHeader$8(SoaServerHandler.java:130) ~[na:na]
	at com.isuwang.dapeng.container.netty.SoaServerHandler$$Lambda$3748/1131119578.run(Unknown Source) ~[na:na]
	at java.util.concurrent.ThreadPoolExecutor.runWorker(ThreadPoolExecutor.java:1142) ~[na:1.8.0_31]
	at java.util.concurrent.ThreadPoolExecutor$Worker.run(ThreadPoolExecutor.java:617) ~[na:1.8.0_31]
	at java.lang.Thread.run(Thread.java:745) [na:1.8.0_31]
11-16 20:31:33 383 Thread-8 INFO - {dataSource-1} inited
11-16 20:31:42 131 Thread-11 INFO - {dataSource-1} closed
11-16 20:31:46 876 Thread-11 INFO - {dataSource-1} closed
11-16 20:32:07 845 Thread-8 INFO - {dataSource-1} inited
11-16 20:32:20 002 trans-pool-1-thread-1 INFO - com.isuwang.soa.scala.task.service.TaskAdminService 1.0.0 getServiceMetadata operatorId:Optional.empty operatorName:Optional.empty request body:getServiceMetadata_args()
11-16 20:32:20 006 trans-pool-1-thread-1 DEBUG - com.isuwang.soa.scala.task.service.TaskAdminService 1.0.0 getServiceMetadata Optional.empty request header:Optional.empty body:getServiceMetadata_args()
11-16 20:32:20 018 trans-pool-1-thread-1 INFO - com.isuwang.soa.scala.task.service.TaskAdminService 1.0.0 getServiceMetadata operatorId:Optional.empty operatorName:Optional.empty response body:getServiceMetadata_result(<?xml version="1.0" encoding="UTF-8" standalone="yes"?>
<service namespace="com.isuwang.soa.scala.task...(47005)
11-16 20:32:20 018 trans-pool-1-thread-1 DEBUG - com.isuwang.soa.scala.task.service.TaskAdminService 1.0.0 getServiceMetadata Optional.empty response header:Optional.empty body:getServiceMetadata_result(<?xml version="1.0" encoding="UTF-8" standalone="yes"?>
<service namespace="com.isuwang.soa.scala.task...(47005)
11-16 20:32:20 175 trans-pool-1-thread-2 INFO - com.isuwang.soa.scala.task.service.TaskBusinessService 1.0.0 getServiceMetadata operatorId:Optional.empty operatorName:Optional.empty request body:getServiceMetadata_args()
11-16 20:32:20 175 trans-pool-1-thread-2 DEBUG - com.isuwang.soa.scala.task.service.TaskBusinessService 1.0.0 getServiceMetadata Optional.empty request header:Optional.empty body:getServiceMetadata_args()
11-16 20:32:20 178 trans-pool-1-thread-2 INFO - com.isuwang.soa.scala.task.service.TaskBusinessService 1.0.0 getServiceMetadata operatorId:Optional.empty operatorName:Optional.empty response body:getServiceMetadata_result(<?xml version="1.0" encoding="UTF-8" standalone="yes"?>
<service namespace="com.isuwang.soa.scala.task...(13728)
11-16 20:32:20 178 trans-pool-1-thread-2 DEBUG - com.isuwang.soa.scala.task.service.TaskBusinessService 1.0.0 getServiceMetadata Optional.empty response header:Optional.empty body:getServiceMetadata_result(<?xml version="1.0" encoding="UTF-8" standalone="yes"?>
<service namespace="com.isuwang.soa.scala.task...(13728)
11-16 20:32:20 192 trans-pool-1-thread-3 INFO - com.isuwang.soa.scala.task.service.TaskSuggestionService 1.0.0 getServiceMetadata operatorId:Optional.empty operatorName:Optional.empty request body:getServiceMetadata_args()
11-16 20:32:20 193 trans-pool-1-thread-3 DEBUG - com.isuwang.soa.scala.task.service.TaskSuggestionService 1.0.0 getServiceMetadata Optional.empty request header:Optional.empty body:getServiceMetadata_args()
11-16 20:32:20 196 trans-pool-1-thread-3 INFO - com.isuwang.soa.scala.task.service.TaskSuggestionService 1.0.0 getServiceMetadata operatorId:Optional.empty operatorName:Optional.empty response body:getServiceMetadata_result(<?xml version="1.0" encoding="UTF-8" standalone="yes"?>
<service namespace="com.isuwang.soa.scala.task...(14123)
11-16 20:32:20 196 trans-pool-1-thread-3 DEBUG - com.isuwang.soa.scala.task.service.TaskSuggestionService 1.0.0 getServiceMetadata Optional.empty response header:Optional.empty body:getServiceMetadata_result(<?xml version="1.0" encoding="UTF-8" standalone="yes"?>
<service namespace="com.isuwang.soa.scala.task...(14123)
11-16 20:32:24 645 trans-pool-1-thread-4 INFO - com.isuwang.soa.scala.task.service.TaskAdminService 1.0.0 findTasks operatorId:Optional.empty operatorName:Optional.empty request body:findTasks_args(TTaskRequest(TPageRequest(1,10,None),None,None,None,None,None,None,None,None,None,None))
11-16 20:32:24 645 trans-pool-1-thread-4 DEBUG - com.isuwang.soa.scala.task.service.TaskAdminService 1.0.0 findTasks Optional.empty request header:Optional.empty body:findTasks_args(TTaskRequest(TPageRequest(1,10,None),None,None,None,None,None,None,None,None,None,None))
11-16 20:32:25 023 trans-pool-1-thread-4 DEBUG - SQL Preparing:  SELECT COUNT(*) FROM `task`  WHERE 1=1 args: List()
11-16 20:32:25 041 trans-pool-1-thread-4 DEBUG - SQL Preparing:  SELECT * FROM `task`  WHERE 1=1 args: List()
11-16 20:32:25 098 trans-pool-1-thread-4 ERROR - Column 'taskNo' not found.
java.sql.SQLException: Column 'taskNo' not found.
	at com.mysql.jdbc.SQLError.createSQLException(SQLError.java:998) ~[mysql-connector-java-5.1.36.jar:5.1.36]
	at com.mysql.jdbc.SQLError.createSQLException(SQLError.java:937) ~[mysql-connector-java-5.1.36.jar:5.1.36]
	at com.mysql.jdbc.SQLError.createSQLException(SQLError.java:926) ~[mysql-connector-java-5.1.36.jar:5.1.36]
	at com.mysql.jdbc.SQLError.createSQLException(SQLError.java:872) ~[mysql-connector-java-5.1.36.jar:5.1.36]
	at com.mysql.jdbc.ResultSetImpl.findColumn(ResultSetImpl.java:1073) ~[mysql-connector-java-5.1.36.jar:5.1.36]
	at com.mysql.jdbc.ResultSetImpl.getString(ResultSetImpl.java:5212) ~[mysql-connector-java-5.1.36.jar:5.1.36]
	at com.alibaba.druid.filter.FilterChainImpl.resultSet_getString(FilterChainImpl.java:811) ~[druid-1.0.17.jar:1.0.17]
	at com.alibaba.druid.filter.FilterAdapter.resultSet_getString(FilterAdapter.java:1754) ~[druid-1.0.17.jar:1.0.17]
	at com.alibaba.druid.filter.FilterChainImpl.resultSet_getString(FilterChainImpl.java:809) ~[druid-1.0.17.jar:1.0.17]
	at com.alibaba.druid.filter.stat.StatFilter.resultSet_getString(StatFilter.java:931) ~[druid-1.0.17.jar:1.0.17]
	at com.alibaba.druid.filter.FilterChainImpl.resultSet_getString(FilterChainImpl.java:809) ~[druid-1.0.17.jar:1.0.17]
	at com.alibaba.druid.proxy.jdbc.ResultSetProxyImpl.getString(ResultSetProxyImpl.java:693) ~[druid-1.0.17.jar:1.0.17]
	at com.alibaba.druid.pool.DruidPooledResultSet.getString(DruidPooledResultSet.java:257) ~[druid-1.0.17.jar:1.0.17]
	at wangzx.scala_commons.sql.package$JdbcValueAccessor_String$.passOut(package.scala:133) ~[scala-sql_2.12.jar:2.0.0]
	at wangzx.scala_commons.sql.package$JdbcValueAccessor_String$.passOut(package.scala:130) ~[scala-sql_2.12.jar:2.0.0]
	at wangzx.scala_commons.sql.package$ResultSetEx.get(package.scala:247) ~[scala-sql_2.12.jar:2.0.0]
	at wangzx.scala_commons.sql.package$CaseClassResultSetMapper$Field.apply(package.scala:45) ~[scala-sql_2.12.jar:2.0.0]
	at com.isuwang.soa.scala.task.TaskAdminServiceImpl$$anon$1.from(TaskAdminServiceImpl.scala:32) ~[classes/:na]
	at com.isuwang.soa.scala.task.TaskAdminServiceImpl$$anon$1.from(TaskAdminServiceImpl.scala:32) ~[classes/:na]
	at wangzx.scala_commons.sql.RichConnection.$anonfun$rows$1(RichConnection.scala:122) ~[scala-sql_2.12.jar:2.0.0]
	at wangzx.scala_commons.sql.RichConnection$$Lambda$2906/2022308275.apply(Unknown Source) ~[na:na]
	at wangzx.scala_commons.sql.RichConnection.withPreparedStatement(RichConnection.scala:32) ~[scala-sql_2.12.jar:2.0.0]
	at wangzx.scala_commons.sql.RichConnection.rows(RichConnection.scala:112) ~[scala-sql_2.12.jar:2.0.0]
	at wangzx.scala_commons.sql.RichDataSource.$anonfun$rows$1(RichDataSource.scala:36) ~[scala-sql_2.12.jar:2.0.0]
	at wangzx.scala_commons.sql.RichDataSource$$Lambda$2905/976429990.apply(Unknown Source) ~[na:na]
	at wangzx.scala_commons.sql.RichDataSource.withConnection(RichDataSource.scala:12) ~[scala-sql_2.12.jar:2.0.0]
	at wangzx.scala_commons.sql.RichDataSource.rows(RichDataSource.scala:36) ~[scala-sql_2.12.jar:2.0.0]
	at com.isuwang.soa.scala.task.TaskAdminServiceImpl.findTasks(TaskAdminServiceImpl.scala:32) ~[classes/:na]
	at com.isuwang.soa.scala.task.TaskAdminServiceCodec$findTasks.getResult(TaskAdminServiceCodec.scala:168) ~[classes/:na]
	at com.isuwang.soa.scala.task.TaskAdminServiceCodec$findTasks.getResult(TaskAdminServiceCodec.scala:158) ~[classes/:na]
	at com.isuwang.dapeng.core.SoaCommonBaseProcessor.lambda$process$0(SoaCommonBaseProcessor.java:84) ~[dapeng-core-1.2.1.jar:na]
	at com.isuwang.dapeng.core.SoaCommonBaseProcessor$$Lambda$2886/1701977820.doAction(Unknown Source) ~[na:na]
	at com.isuwang.dapeng.core.filter.container.DispatchFilter.doFilter(DispatchFilter.java:27) ~[dapeng-core-1.2.1.jar:na]
	at com.isuwang.dapeng.core.filter.container.ContainerFilterChain.doFilter(ContainerFilterChain.java:35) ~[dapeng-core-1.2.1.jar:na]
	at com.isuwang.dapeng.container.filter.SlowTimeServiceFilter.doFilter(SlowTimeServiceFilter.java:29) ~[na:na]
	at com.isuwang.dapeng.core.filter.container.ContainerFilterChain.doFilter(ContainerFilterChain.java:35) ~[dapeng-core-1.2.1.jar:na]
	at com.isuwang.dapeng.container.filter.ProviderTimesFilter.doFilter(ProviderTimesFilter.java:29) ~[na:na]
	at com.isuwang.dapeng.core.filter.container.ContainerFilterChain.doFilter(ContainerFilterChain.java:35) ~[dapeng-core-1.2.1.jar:na]
	at com.isuwang.dapeng.container.filter.SoaGlobalTransactionalFilter.doFilter(SoaGlobalTransactionalFilter.java:50) ~[na:na]
	at com.isuwang.dapeng.core.filter.container.ContainerFilterChain.doFilter(ContainerFilterChain.java:35) ~[dapeng-core-1.2.1.jar:na]
	at com.isuwang.dapeng.core.SoaCommonBaseProcessor.process(SoaCommonBaseProcessor.java:103) ~[dapeng-core-1.2.1.jar:na]
	at com.isuwang.dapeng.container.netty.SoaServerHandler.processRequest(SoaServerHandler.java:299) ~[na:na]
	at com.isuwang.dapeng.container.netty.SoaServerHandler.lambda$readRequestHeader$8(SoaServerHandler.java:130) ~[na:na]
	at com.isuwang.dapeng.container.netty.SoaServerHandler$$Lambda$2885/426781423.run(Unknown Source) ~[na:na]
	at java.util.concurrent.ThreadPoolExecutor.runWorker(ThreadPoolExecutor.java:1142) ~[na:1.8.0_31]
	at java.util.concurrent.ThreadPoolExecutor$Worker.run(ThreadPoolExecutor.java:617) ~[na:1.8.0_31]
	at java.lang.Thread.run(Thread.java:745) [na:1.8.0_31]
11-16 20:33:33 395 Thread-11 INFO - {dataSource-1} closed
11-16 20:34:16 527 Thread-8 INFO - {dataSource-1} inited
11-16 20:34:29 341 trans-pool-1-thread-1 INFO - com.isuwang.soa.scala.task.service.TaskAdminService 1.0.0 getServiceMetadata operatorId:Optional.empty operatorName:Optional.empty request body:getServiceMetadata_args()
11-16 20:34:29 344 trans-pool-1-thread-1 DEBUG - com.isuwang.soa.scala.task.service.TaskAdminService 1.0.0 getServiceMetadata Optional.empty request header:Optional.empty body:getServiceMetadata_args()
11-16 20:34:29 361 trans-pool-1-thread-1 INFO - com.isuwang.soa.scala.task.service.TaskAdminService 1.0.0 getServiceMetadata operatorId:Optional.empty operatorName:Optional.empty response body:getServiceMetadata_result(<?xml version="1.0" encoding="UTF-8" standalone="yes"?>
<service namespace="com.isuwang.soa.scala.task...(47005)
11-16 20:34:29 361 trans-pool-1-thread-1 DEBUG - com.isuwang.soa.scala.task.service.TaskAdminService 1.0.0 getServiceMetadata Optional.empty response header:Optional.empty body:getServiceMetadata_result(<?xml version="1.0" encoding="UTF-8" standalone="yes"?>
<service namespace="com.isuwang.soa.scala.task...(47005)
11-16 20:34:29 637 trans-pool-1-thread-2 INFO - com.isuwang.soa.scala.task.service.TaskBusinessService 1.0.0 getServiceMetadata operatorId:Optional.empty operatorName:Optional.empty request body:getServiceMetadata_args()
11-16 20:34:29 638 trans-pool-1-thread-2 DEBUG - com.isuwang.soa.scala.task.service.TaskBusinessService 1.0.0 getServiceMetadata Optional.empty request header:Optional.empty body:getServiceMetadata_args()
11-16 20:34:29 639 trans-pool-1-thread-2 INFO - com.isuwang.soa.scala.task.service.TaskBusinessService 1.0.0 getServiceMetadata operatorId:Optional.empty operatorName:Optional.empty response body:getServiceMetadata_result(<?xml version="1.0" encoding="UTF-8" standalone="yes"?>
<service namespace="com.isuwang.soa.scala.task...(13728)
11-16 20:34:29 640 trans-pool-1-thread-2 DEBUG - com.isuwang.soa.scala.task.service.TaskBusinessService 1.0.0 getServiceMetadata Optional.empty response header:Optional.empty body:getServiceMetadata_result(<?xml version="1.0" encoding="UTF-8" standalone="yes"?>
<service namespace="com.isuwang.soa.scala.task...(13728)
11-16 20:34:29 661 trans-pool-1-thread-3 INFO - com.isuwang.soa.scala.task.service.TaskSuggestionService 1.0.0 getServiceMetadata operatorId:Optional.empty operatorName:Optional.empty request body:getServiceMetadata_args()
11-16 20:34:29 662 trans-pool-1-thread-3 DEBUG - com.isuwang.soa.scala.task.service.TaskSuggestionService 1.0.0 getServiceMetadata Optional.empty request header:Optional.empty body:getServiceMetadata_args()
11-16 20:34:29 665 trans-pool-1-thread-3 INFO - com.isuwang.soa.scala.task.service.TaskSuggestionService 1.0.0 getServiceMetadata operatorId:Optional.empty operatorName:Optional.empty response body:getServiceMetadata_result(<?xml version="1.0" encoding="UTF-8" standalone="yes"?>
<service namespace="com.isuwang.soa.scala.task...(14123)
11-16 20:34:29 667 trans-pool-1-thread-3 DEBUG - com.isuwang.soa.scala.task.service.TaskSuggestionService 1.0.0 getServiceMetadata Optional.empty response header:Optional.empty body:getServiceMetadata_result(<?xml version="1.0" encoding="UTF-8" standalone="yes"?>
<service namespace="com.isuwang.soa.scala.task...(14123)
11-16 20:48:04 162 Thread-8 INFO - {dataSource-1} inited
11-16 20:48:18 192 trans-pool-1-thread-1 INFO - com.isuwang.soa.scala.task.service.TaskAdminService 1.0.0 getServiceMetadata operatorId:Optional.empty operatorName:Optional.empty request body:getServiceMetadata_args()
11-16 20:48:18 195 trans-pool-1-thread-1 DEBUG - com.isuwang.soa.scala.task.service.TaskAdminService 1.0.0 getServiceMetadata Optional.empty request header:Optional.empty body:getServiceMetadata_args()
11-16 20:48:18 206 trans-pool-1-thread-1 INFO - com.isuwang.soa.scala.task.service.TaskAdminService 1.0.0 getServiceMetadata operatorId:Optional.empty operatorName:Optional.empty response body:getServiceMetadata_result(<?xml version="1.0" encoding="UTF-8" standalone="yes"?>
<service namespace="com.isuwang.soa.scala.task...(47005)
11-16 20:48:18 206 trans-pool-1-thread-1 DEBUG - com.isuwang.soa.scala.task.service.TaskAdminService 1.0.0 getServiceMetadata Optional.empty response header:Optional.empty body:getServiceMetadata_result(<?xml version="1.0" encoding="UTF-8" standalone="yes"?>
<service namespace="com.isuwang.soa.scala.task...(47005)
11-16 20:48:18 334 trans-pool-1-thread-2 INFO - com.isuwang.soa.scala.task.service.TaskBusinessService 1.0.0 getServiceMetadata operatorId:Optional.empty operatorName:Optional.empty request body:getServiceMetadata_args()
11-16 20:48:18 334 trans-pool-1-thread-2 DEBUG - com.isuwang.soa.scala.task.service.TaskBusinessService 1.0.0 getServiceMetadata Optional.empty request header:Optional.empty body:getServiceMetadata_args()
11-16 20:48:18 336 trans-pool-1-thread-2 INFO - com.isuwang.soa.scala.task.service.TaskBusinessService 1.0.0 getServiceMetadata operatorId:Optional.empty operatorName:Optional.empty response body:getServiceMetadata_result(<?xml version="1.0" encoding="UTF-8" standalone="yes"?>
<service namespace="com.isuwang.soa.scala.task...(13728)
11-16 20:48:18 336 trans-pool-1-thread-2 DEBUG - com.isuwang.soa.scala.task.service.TaskBusinessService 1.0.0 getServiceMetadata Optional.empty response header:Optional.empty body:getServiceMetadata_result(<?xml version="1.0" encoding="UTF-8" standalone="yes"?>
<service namespace="com.isuwang.soa.scala.task...(13728)
11-16 20:48:18 345 trans-pool-1-thread-3 INFO - com.isuwang.soa.scala.task.service.TaskSuggestionService 1.0.0 getServiceMetadata operatorId:Optional.empty operatorName:Optional.empty request body:getServiceMetadata_args()
11-16 20:48:18 345 trans-pool-1-thread-3 DEBUG - com.isuwang.soa.scala.task.service.TaskSuggestionService 1.0.0 getServiceMetadata Optional.empty request header:Optional.empty body:getServiceMetadata_args()
11-16 20:48:18 347 trans-pool-1-thread-3 INFO - com.isuwang.soa.scala.task.service.TaskSuggestionService 1.0.0 getServiceMetadata operatorId:Optional.empty operatorName:Optional.empty response body:getServiceMetadata_result(<?xml version="1.0" encoding="UTF-8" standalone="yes"?>
<service namespace="com.isuwang.soa.scala.task...(14123)
11-16 20:48:18 347 trans-pool-1-thread-3 DEBUG - com.isuwang.soa.scala.task.service.TaskSuggestionService 1.0.0 getServiceMetadata Optional.empty response header:Optional.empty body:getServiceMetadata_result(<?xml version="1.0" encoding="UTF-8" standalone="yes"?>
<service namespace="com.isuwang.soa.scala.task...(14123)
11-16 20:49:19 946 trans-pool-1-thread-4 INFO - com.isuwang.soa.scala.task.service.TaskAdminService 1.0.0 findTasks operatorId:Optional.empty operatorName:Optional.empty request body:findTasks_args(TTaskRequest(TPageRequest(1,10,None),None,None,None,None,None,None,None,None,None,None))
11-16 20:49:19 947 trans-pool-1-thread-4 DEBUG - com.isuwang.soa.scala.task.service.TaskAdminService 1.0.0 findTasks Optional.empty request header:Optional.empty body:findTasks_args(TTaskRequest(TPageRequest(1,10,None),None,None,None,None,None,None,None,None,None,None))
11-16 20:49:23 837 trans-pool-1-thread-4 DEBUG - SQL Preparing:  SELECT COUNT(*) FROM `task`  WHERE 1=1 args: List()
11-16 20:49:24 163 trans-pool-1-thread-4 DEBUG - SQL Preparing:  SELECT * FROM `task`  WHERE 1=1 args: List()
11-16 20:49:24 219 trans-pool-1-thread-4 ERROR - Column 'taskNo' not found.
java.sql.SQLException: Column 'taskNo' not found.
	at com.mysql.jdbc.SQLError.createSQLException(SQLError.java:998) ~[mysql-connector-java-5.1.36.jar:5.1.36]
	at com.mysql.jdbc.SQLError.createSQLException(SQLError.java:937) ~[mysql-connector-java-5.1.36.jar:5.1.36]
	at com.mysql.jdbc.SQLError.createSQLException(SQLError.java:926) ~[mysql-connector-java-5.1.36.jar:5.1.36]
	at com.mysql.jdbc.SQLError.createSQLException(SQLError.java:872) ~[mysql-connector-java-5.1.36.jar:5.1.36]
	at com.mysql.jdbc.ResultSetImpl.findColumn(ResultSetImpl.java:1073) ~[mysql-connector-java-5.1.36.jar:5.1.36]
	at com.mysql.jdbc.ResultSetImpl.getString(ResultSetImpl.java:5212) ~[mysql-connector-java-5.1.36.jar:5.1.36]
	at com.alibaba.druid.filter.FilterChainImpl.resultSet_getString(FilterChainImpl.java:811) ~[druid-1.0.17.jar:1.0.17]
	at com.alibaba.druid.filter.FilterAdapter.resultSet_getString(FilterAdapter.java:1754) ~[druid-1.0.17.jar:1.0.17]
	at com.alibaba.druid.filter.FilterChainImpl.resultSet_getString(FilterChainImpl.java:809) ~[druid-1.0.17.jar:1.0.17]
	at com.alibaba.druid.filter.stat.StatFilter.resultSet_getString(StatFilter.java:931) ~[druid-1.0.17.jar:1.0.17]
	at com.alibaba.druid.filter.FilterChainImpl.resultSet_getString(FilterChainImpl.java:809) ~[druid-1.0.17.jar:1.0.17]
	at com.alibaba.druid.proxy.jdbc.ResultSetProxyImpl.getString(ResultSetProxyImpl.java:693) ~[druid-1.0.17.jar:1.0.17]
	at com.alibaba.druid.pool.DruidPooledResultSet.getString(DruidPooledResultSet.java:257) ~[druid-1.0.17.jar:1.0.17]
	at wangzx.scala_commons.sql.package$JdbcValueAccessor_String$.passOut(package.scala:133) ~[scala-sql_2.12.jar:2.0.0]
	at wangzx.scala_commons.sql.package$JdbcValueAccessor_String$.passOut(package.scala:130) ~[scala-sql_2.12.jar:2.0.0]
	at wangzx.scala_commons.sql.package$ResultSetEx.get(package.scala:247) ~[scala-sql_2.12.jar:2.0.0]
	at wangzx.scala_commons.sql.package$CaseClassResultSetMapper$Field.apply(package.scala:45) ~[scala-sql_2.12.jar:2.0.0]
	at com.isuwang.soa.scala.task.TaskAdminServiceImpl$$anon$1.from(TaskAdminServiceImpl.scala:32) ~[classes/:na]
	at com.isuwang.soa.scala.task.TaskAdminServiceImpl$$anon$1.from(TaskAdminServiceImpl.scala:32) ~[classes/:na]
	at wangzx.scala_commons.sql.RichConnection.$anonfun$rows$1(RichConnection.scala:122) ~[scala-sql_2.12.jar:2.0.0]
	at wangzx.scala_commons.sql.RichConnection$$Lambda$3744/847263572.apply(Unknown Source) ~[na:na]
	at wangzx.scala_commons.sql.RichConnection.withPreparedStatement(RichConnection.scala:32) ~[scala-sql_2.12.jar:2.0.0]
	at wangzx.scala_commons.sql.RichConnection.rows(RichConnection.scala:112) ~[scala-sql_2.12.jar:2.0.0]
	at wangzx.scala_commons.sql.RichDataSource.$anonfun$rows$1(RichDataSource.scala:36) ~[scala-sql_2.12.jar:2.0.0]
	at wangzx.scala_commons.sql.RichDataSource$$Lambda$3743/10264616.apply(Unknown Source) ~[na:na]
	at wangzx.scala_commons.sql.RichDataSource.withConnection(RichDataSource.scala:12) ~[scala-sql_2.12.jar:2.0.0]
	at wangzx.scala_commons.sql.RichDataSource.rows(RichDataSource.scala:36) ~[scala-sql_2.12.jar:2.0.0]
	at com.isuwang.soa.scala.task.TaskAdminServiceImpl.findTasks(TaskAdminServiceImpl.scala:32) ~[classes/:na]
	at com.isuwang.soa.scala.task.TaskAdminServiceCodec$findTasks.getResult(TaskAdminServiceCodec.scala:168) ~[classes/:na]
	at com.isuwang.soa.scala.task.TaskAdminServiceCodec$findTasks.getResult(TaskAdminServiceCodec.scala:158) ~[classes/:na]
	at com.isuwang.dapeng.core.SoaCommonBaseProcessor.lambda$process$0(SoaCommonBaseProcessor.java:84) ~[dapeng-core-1.2.1.jar:na]
	at com.isuwang.dapeng.core.SoaCommonBaseProcessor$$Lambda$3724/1478322324.doAction(Unknown Source) ~[na:na]
	at com.isuwang.dapeng.core.filter.container.DispatchFilter.doFilter(DispatchFilter.java:27) ~[dapeng-core-1.2.1.jar:na]
	at com.isuwang.dapeng.core.filter.container.ContainerFilterChain.doFilter(ContainerFilterChain.java:35) ~[dapeng-core-1.2.1.jar:na]
	at com.isuwang.dapeng.container.filter.SlowTimeServiceFilter.doFilter(SlowTimeServiceFilter.java:29) ~[na:na]
	at com.isuwang.dapeng.core.filter.container.ContainerFilterChain.doFilter(ContainerFilterChain.java:35) ~[dapeng-core-1.2.1.jar:na]
	at com.isuwang.dapeng.container.filter.ProviderTimesFilter.doFilter(ProviderTimesFilter.java:29) ~[na:na]
	at com.isuwang.dapeng.core.filter.container.ContainerFilterChain.doFilter(ContainerFilterChain.java:35) ~[dapeng-core-1.2.1.jar:na]
	at com.isuwang.dapeng.container.filter.SoaGlobalTransactionalFilter.doFilter(SoaGlobalTransactionalFilter.java:50) ~[na:na]
	at com.isuwang.dapeng.core.filter.container.ContainerFilterChain.doFilter(ContainerFilterChain.java:35) ~[dapeng-core-1.2.1.jar:na]
	at com.isuwang.dapeng.core.SoaCommonBaseProcessor.process(SoaCommonBaseProcessor.java:103) ~[dapeng-core-1.2.1.jar:na]
	at com.isuwang.dapeng.container.netty.SoaServerHandler.processRequest(SoaServerHandler.java:299) ~[na:na]
	at com.isuwang.dapeng.container.netty.SoaServerHandler.lambda$readRequestHeader$8(SoaServerHandler.java:130) ~[na:na]
	at com.isuwang.dapeng.container.netty.SoaServerHandler$$Lambda$3723/102751584.run(Unknown Source) ~[na:na]
	at java.util.concurrent.ThreadPoolExecutor.runWorker(ThreadPoolExecutor.java:1142) ~[na:1.8.0_31]
	at java.util.concurrent.ThreadPoolExecutor$Worker.run(ThreadPoolExecutor.java:617) ~[na:1.8.0_31]
	at java.lang.Thread.run(Thread.java:745) [na:1.8.0_31]
11-16 21:00:55 199 Thread-8 INFO - {dataSource-1} inited
11-16 21:01:08 017 trans-pool-1-thread-1 INFO - com.isuwang.soa.scala.task.service.TaskAdminService 1.0.0 getServiceMetadata operatorId:Optional.empty operatorName:Optional.empty request body:getServiceMetadata_args()
11-16 21:01:08 020 trans-pool-1-thread-1 DEBUG - com.isuwang.soa.scala.task.service.TaskAdminService 1.0.0 getServiceMetadata Optional.empty request header:Optional.empty body:getServiceMetadata_args()
11-16 21:01:08 031 trans-pool-1-thread-1 INFO - com.isuwang.soa.scala.task.service.TaskAdminService 1.0.0 getServiceMetadata operatorId:Optional.empty operatorName:Optional.empty response body:getServiceMetadata_result(<?xml version="1.0" encoding="UTF-8" standalone="yes"?>
<service namespace="com.isuwang.soa.scala.task...(47005)
11-16 21:01:08 032 trans-pool-1-thread-1 DEBUG - com.isuwang.soa.scala.task.service.TaskAdminService 1.0.0 getServiceMetadata Optional.empty response header:Optional.empty body:getServiceMetadata_result(<?xml version="1.0" encoding="UTF-8" standalone="yes"?>
<service namespace="com.isuwang.soa.scala.task...(47005)
11-16 21:01:08 195 trans-pool-1-thread-2 INFO - com.isuwang.soa.scala.task.service.TaskBusinessService 1.0.0 getServiceMetadata operatorId:Optional.empty operatorName:Optional.empty request body:getServiceMetadata_args()
11-16 21:01:08 196 trans-pool-1-thread-2 DEBUG - com.isuwang.soa.scala.task.service.TaskBusinessService 1.0.0 getServiceMetadata Optional.empty request header:Optional.empty body:getServiceMetadata_args()
11-16 21:01:08 200 trans-pool-1-thread-2 INFO - com.isuwang.soa.scala.task.service.TaskBusinessService 1.0.0 getServiceMetadata operatorId:Optional.empty operatorName:Optional.empty response body:getServiceMetadata_result(<?xml version="1.0" encoding="UTF-8" standalone="yes"?>
<service namespace="com.isuwang.soa.scala.task...(13728)
11-16 21:01:08 201 trans-pool-1-thread-2 DEBUG - com.isuwang.soa.scala.task.service.TaskBusinessService 1.0.0 getServiceMetadata Optional.empty response header:Optional.empty body:getServiceMetadata_result(<?xml version="1.0" encoding="UTF-8" standalone="yes"?>
<service namespace="com.isuwang.soa.scala.task...(13728)
11-16 21:01:08 210 trans-pool-1-thread-3 INFO - com.isuwang.soa.scala.task.service.TaskSuggestionService 1.0.0 getServiceMetadata operatorId:Optional.empty operatorName:Optional.empty request body:getServiceMetadata_args()
11-16 21:01:08 211 trans-pool-1-thread-3 DEBUG - com.isuwang.soa.scala.task.service.TaskSuggestionService 1.0.0 getServiceMetadata Optional.empty request header:Optional.empty body:getServiceMetadata_args()
11-16 21:01:08 213 trans-pool-1-thread-3 INFO - com.isuwang.soa.scala.task.service.TaskSuggestionService 1.0.0 getServiceMetadata operatorId:Optional.empty operatorName:Optional.empty response body:getServiceMetadata_result(<?xml version="1.0" encoding="UTF-8" standalone="yes"?>
<service namespace="com.isuwang.soa.scala.task...(14123)
11-16 21:01:08 213 trans-pool-1-thread-3 DEBUG - com.isuwang.soa.scala.task.service.TaskSuggestionService 1.0.0 getServiceMetadata Optional.empty response header:Optional.empty body:getServiceMetadata_result(<?xml version="1.0" encoding="UTF-8" standalone="yes"?>
<service namespace="com.isuwang.soa.scala.task...(14123)
11-16 21:01:11 090 trans-pool-1-thread-4 INFO - com.isuwang.soa.scala.task.service.TaskAdminService 1.0.0 findTasks operatorId:Optional.empty operatorName:Optional.empty request body:findTasks_args(TTaskRequest(TPageRequest(1,10,None),None,None,None,None,None,None,None,None,None,None))
11-16 21:01:11 090 trans-pool-1-thread-4 DEBUG - com.isuwang.soa.scala.task.service.TaskAdminService 1.0.0 findTasks Optional.empty request header:Optional.empty body:findTasks_args(TTaskRequest(TPageRequest(1,10,None),None,None,None,None,None,None,None,None,None,None))
11-16 21:01:24 375 trans-pool-1-thread-4 DEBUG - SQL Preparing:  SELECT COUNT(*) FROM `task`  WHERE 1=1 args: List()
11-16 21:01:24 468 trans-pool-1-thread-4 DEBUG - SQL Preparing:  SELECT * FROM `task`  WHERE 1=1 args: List()
11-16 21:01:24 537 trans-pool-1-thread-4 DEBUG - SQL result: 9
11-16 21:01:24 543 trans-pool-1-thread-4 INFO - com.isuwang.soa.scala.task.service.TaskAdminService 1.0.0 findTasks operatorId:Optional[0] operatorName:Optional[0] response body:findTasks_result(TTaskResponse(TPageResponse(1,10,9),List(TTask(1,KT2017,asdf,1,1,1,1,2017,2017,List(),List(),List(),List(),List...(1311)
11-16 21:01:24 544 trans-pool-1-thread-4 DEBUG - com.isuwang.soa.scala.task.service.TaskAdminService 1.0.0 findTasks Optional[0] response header:Optional[0] body:findTasks_result(TTaskResponse(TPageResponse(1,10,9),List(TTask(1,KT2017,asdf,1,1,1,1,2017,2017,List(),List(),List(),List(),List...(1311)
