11-18 14:30:34 721 Thread-8 INFO - {dataSource-1} inited
11-18 14:31:22 401 trans-pool-1-thread-1 INFO - com.isuwang.soa.scala.task.service.TaskAdminService 1.0.0 getServiceMetadata operatorId:Optional.empty operatorName:Optional.empty request body:getServiceMetadata_args()
11-18 14:31:22 404 trans-pool-1-thread-1 DEBUG - com.isuwang.soa.scala.task.service.TaskAdminService 1.0.0 getServiceMetadata Optional.empty request header:Optional.empty body:getServiceMetadata_args()
11-18 14:31:22 415 trans-pool-1-thread-1 INFO - com.isuwang.soa.scala.task.service.TaskAdminService 1.0.0 getServiceMetadata operatorId:Optional.empty operatorName:Optional.empty response body:getServiceMetadata_result(<?xml version="1.0" encoding="UTF-8" standalone="yes"?>
<service namespace="com.isuwang.soa.scala.task...(46421)
11-18 14:31:22 416 trans-pool-1-thread-1 DEBUG - com.isuwang.soa.scala.task.service.TaskAdminService 1.0.0 getServiceMetadata Optional.empty response header:Optional.empty body:getServiceMetadata_result(<?xml version="1.0" encoding="UTF-8" standalone="yes"?>
<service namespace="com.isuwang.soa.scala.task...(46421)
11-18 14:31:22 622 trans-pool-1-thread-2 INFO - com.isuwang.soa.scala.task.service.TaskBusinessService 1.0.0 getServiceMetadata operatorId:Optional.empty operatorName:Optional.empty request body:getServiceMetadata_args()
11-18 14:31:22 622 trans-pool-1-thread-2 DEBUG - com.isuwang.soa.scala.task.service.TaskBusinessService 1.0.0 getServiceMetadata Optional.empty request header:Optional.empty body:getServiceMetadata_args()
11-18 14:31:22 624 trans-pool-1-thread-2 INFO - com.isuwang.soa.scala.task.service.TaskBusinessService 1.0.0 getServiceMetadata operatorId:Optional.empty operatorName:Optional.empty response body:getServiceMetadata_result(<?xml version="1.0" encoding="UTF-8" standalone="yes"?>
<service namespace="com.isuwang.soa.scala.task...(13728)
11-18 14:31:22 624 trans-pool-1-thread-2 DEBUG - com.isuwang.soa.scala.task.service.TaskBusinessService 1.0.0 getServiceMetadata Optional.empty response header:Optional.empty body:getServiceMetadata_result(<?xml version="1.0" encoding="UTF-8" standalone="yes"?>
<service namespace="com.isuwang.soa.scala.task...(13728)
11-18 14:31:22 632 trans-pool-1-thread-3 INFO - com.isuwang.soa.scala.task.service.TaskSuggestionService 1.0.0 getServiceMetadata operatorId:Optional.empty operatorName:Optional.empty request body:getServiceMetadata_args()
11-18 14:31:22 632 trans-pool-1-thread-3 DEBUG - com.isuwang.soa.scala.task.service.TaskSuggestionService 1.0.0 getServiceMetadata Optional.empty request header:Optional.empty body:getServiceMetadata_args()
11-18 14:31:22 634 trans-pool-1-thread-3 INFO - com.isuwang.soa.scala.task.service.TaskSuggestionService 1.0.0 getServiceMetadata operatorId:Optional.empty operatorName:Optional.empty response body:getServiceMetadata_result(<?xml version="1.0" encoding="UTF-8" standalone="yes"?>
<service namespace="com.isuwang.soa.scala.task...(14123)
11-18 14:31:22 634 trans-pool-1-thread-3 DEBUG - com.isuwang.soa.scala.task.service.TaskSuggestionService 1.0.0 getServiceMetadata Optional.empty response header:Optional.empty body:getServiceMetadata_result(<?xml version="1.0" encoding="UTF-8" standalone="yes"?>
<service namespace="com.isuwang.soa.scala.task...(14123)
11-18 14:31:47 716 trans-pool-1-thread-4 INFO - com.isuwang.soa.scala.task.service.TaskAdminService 1.0.0 findTasks operatorId:Optional.empty operatorName:Optional.empty request body:findTasks_args(TTaskRequest(TPageRequest(1,5,None),None,Some(1),Some(2),Some(2),Some(2),Some(2),None,None,None,None))
11-18 14:31:47 716 trans-pool-1-thread-4 DEBUG - com.isuwang.soa.scala.task.service.TaskAdminService 1.0.0 findTasks Optional.empty request header:Optional.empty body:findTasks_args(TTaskRequest(TPageRequest(1,5,None),None,Some(1),Some(2),Some(2),Some(2),Some(2),None,None,None,None))
11-18 14:31:47 854 trans-pool-1-thread-4 DEBUG - SQL Preparing:  SELECT COUNT(*) FROM `task`  WHERE 1=1 AND created_by = ? AND business_type_id= ? AND company_id= ? AND handler_id= ? AND status= ? AND plan_at BETWEEN ? AND ? AND updated_at BETWEEN ? AND ? args: List(JdbcValue(0), JdbcValue(Some(2)), JdbcValue(Some(1)), JdbcValue(Some(2)), JdbcValue(Some(2)), JdbcValue(1970-01-01 08:00:00.0), JdbcValue(2017-11-18 14:31:47.795), JdbcValue(1970-01-01 08:00:00.0), JdbcValue(2017-11-18 14:31:47.795))
11-18 14:31:47 970 trans-pool-1-thread-4 DEBUG - SQL Preparing:  SELECT * FROM `task`  WHERE 1=1 AND created_by = ? AND business_type_id= ? AND company_id= ? AND handler_id= ? AND status= ? AND plan_at BETWEEN ? AND ? AND updated_at BETWEEN ? AND ? order by updated_at desc limit ?, ? args: List(JdbcValue(0), JdbcValue(Some(2)), JdbcValue(Some(1)), JdbcValue(Some(2)), JdbcValue(Some(2)), JdbcValue(1970-01-01 08:00:00.0), JdbcValue(2017-11-18 14:31:47.795), JdbcValue(1970-01-01 08:00:00.0), JdbcValue(2017-11-18 14:31:47.795), JdbcValue(1), JdbcValue(5))
11-18 14:31:47 977 trans-pool-1-thread-4 DEBUG - SQL result: 0
11-18 14:31:47 990 trans-pool-1-thread-4 INFO - com.isuwang.soa.scala.task.service.TaskAdminService 1.0.0 findTasks operatorId:Optional[0] operatorName:Optional[0] response body:findTasks_result(TTaskResponse(TPageResponse(1,5,1),List()))
11-18 14:31:47 990 trans-pool-1-thread-4 DEBUG - com.isuwang.soa.scala.task.service.TaskAdminService 1.0.0 findTasks Optional[0] response header:Optional[0] body:findTasks_result(TTaskResponse(TPageResponse(1,5,1),List()))
11-18 14:32:43 213 trans-pool-1-thread-5 INFO - com.isuwang.soa.scala.task.service.TaskAdminService 1.0.0 findTasks operatorId:Optional.empty operatorName:Optional.empty request body:findTasks_args(TTaskRequest(TPageRequest(1,5,None),None,Some(1),Some(2),Some(2),Some(2),Some(2),None,None,None,None))
11-18 14:32:43 214 trans-pool-1-thread-5 DEBUG - com.isuwang.soa.scala.task.service.TaskAdminService 1.0.0 findTasks Optional.empty request header:Optional.empty body:findTasks_args(TTaskRequest(TPageRequest(1,5,None),None,Some(1),Some(2),Some(2),Some(2),Some(2),None,None,None,None))
11-18 14:32:43 215 trans-pool-1-thread-5 DEBUG - SQL Preparing:  SELECT COUNT(*) FROM `task`  WHERE 1=1 AND created_by = ? AND business_type_id= ? AND company_id= ? AND handler_id= ? AND status= ? AND plan_at BETWEEN ? AND ? AND updated_at BETWEEN ? AND ? args: List(JdbcValue(0), JdbcValue(Some(2)), JdbcValue(Some(1)), JdbcValue(Some(2)), JdbcValue(Some(2)), JdbcValue(1970-01-01 08:00:00.0), JdbcValue(2017-11-18 14:32:43.214), JdbcValue(1970-01-01 08:00:00.0), JdbcValue(2017-11-18 14:32:43.214))
11-18 14:32:43 219 trans-pool-1-thread-5 DEBUG - SQL Preparing:  SELECT * FROM `task`  WHERE 1=1 AND created_by = ? AND business_type_id= ? AND company_id= ? AND handler_id= ? AND status= ? AND plan_at BETWEEN ? AND ? AND updated_at BETWEEN ? AND ? order by updated_at desc limit ?, ? args: List(JdbcValue(0), JdbcValue(Some(2)), JdbcValue(Some(1)), JdbcValue(Some(2)), JdbcValue(Some(2)), JdbcValue(1970-01-01 08:00:00.0), JdbcValue(2017-11-18 14:32:43.214), JdbcValue(1970-01-01 08:00:00.0), JdbcValue(2017-11-18 14:32:43.214), JdbcValue(1), JdbcValue(5))
11-18 14:32:43 221 trans-pool-1-thread-5 DEBUG - SQL result: 0
11-18 14:32:43 221 trans-pool-1-thread-5 INFO - com.isuwang.soa.scala.task.service.TaskAdminService 1.0.0 findTasks operatorId:Optional[0] operatorName:Optional[0] response body:findTasks_result(TTaskResponse(TPageResponse(1,5,1),List()))
11-18 14:32:43 221 trans-pool-1-thread-5 DEBUG - com.isuwang.soa.scala.task.service.TaskAdminService 1.0.0 findTasks Optional[0] response header:Optional[0] body:findTasks_result(TTaskResponse(TPageResponse(1,5,1),List()))
11-18 14:41:01 826 trans-pool-1-thread-6 INFO - com.isuwang.soa.scala.task.service.TaskAdminService 1.0.0 findTasks operatorId:Optional.empty operatorName:Optional.empty request body:findTasks_args(TTaskRequest(TPageRequest(0,5,None),None,Some(1),Some(2),Some(2),Some(2),Some(2),None,None,None,None))
11-18 14:41:01 826 trans-pool-1-thread-6 DEBUG - com.isuwang.soa.scala.task.service.TaskAdminService 1.0.0 findTasks Optional.empty request header:Optional.empty body:findTasks_args(TTaskRequest(TPageRequest(0,5,None),None,Some(1),Some(2),Some(2),Some(2),Some(2),None,None,None,None))
11-18 14:41:01 829 trans-pool-1-thread-6 DEBUG - SQL Preparing:  SELECT COUNT(*) FROM `task`  WHERE 1=1 AND created_by = ? AND business_type_id= ? AND company_id= ? AND handler_id= ? AND status= ? AND plan_at BETWEEN ? AND ? AND updated_at BETWEEN ? AND ? args: List(JdbcValue(0), JdbcValue(Some(2)), JdbcValue(Some(1)), JdbcValue(Some(2)), JdbcValue(Some(2)), JdbcValue(1970-01-01 08:00:00.0), JdbcValue(2017-11-18 14:41:01.827), JdbcValue(1970-01-01 08:00:00.0), JdbcValue(2017-11-18 14:41:01.827))
11-18 14:41:01 832 trans-pool-1-thread-6 DEBUG - SQL Preparing:  SELECT * FROM `task`  WHERE 1=1 AND created_by = ? AND business_type_id= ? AND company_id= ? AND handler_id= ? AND status= ? AND plan_at BETWEEN ? AND ? AND updated_at BETWEEN ? AND ? order by updated_at desc limit ?, ? args: List(JdbcValue(0), JdbcValue(Some(2)), JdbcValue(Some(1)), JdbcValue(Some(2)), JdbcValue(Some(2)), JdbcValue(1970-01-01 08:00:00.0), JdbcValue(2017-11-18 14:41:01.827), JdbcValue(1970-01-01 08:00:00.0), JdbcValue(2017-11-18 14:41:01.827), JdbcValue(0), JdbcValue(5))
11-18 14:41:01 883 trans-pool-1-thread-6 DEBUG - SQL result: 1
11-18 14:41:01 887 trans-pool-1-thread-6 DEBUG - SQL Preparing:  SELECT * FROM `task_log` WHERE task_id in (3) args: List()
11-18 14:41:01 889 trans-pool-1-thread-6 DEBUG - SQL result: 0
11-18 14:41:01 892 trans-pool-1-thread-6 DEBUG - SQL Preparing:  SELECT * FROM `task_attachment` WHERE task_id in (3) args: List()
11-18 14:41:01 893 trans-pool-1-thread-6 DEBUG - SQL result: 0
11-18 14:41:01 896 trans-pool-1-thread-6 DEBUG - SQL Preparing:  SELECT * FROM `task_remark` WHERE task_id in(3) args: List()
11-18 14:41:01 897 trans-pool-1-thread-6 DEBUG - SQL result: 0
11-18 14:41:01 899 trans-pool-1-thread-6 DEBUG - SQL Preparing:  SELECT * FROM `task_item` WHERE task_id in (3) args: List()
11-18 14:41:01 900 trans-pool-1-thread-6 DEBUG - SQL result: 0
11-18 14:41:01 904 trans-pool-1-thread-6 INFO - com.isuwang.soa.scala.task.service.TaskAdminService 1.0.0 findTasks operatorId:Optional[0] operatorName:Optional[0] response body:findTasks_result(TTaskResponse(TPageResponse(0,5,1),List(TTask(3,KT2017,sdafda,2,2,2,1,1510798520000,1510798520000,List(),List()...(262)
11-18 14:41:01 904 trans-pool-1-thread-6 DEBUG - com.isuwang.soa.scala.task.service.TaskAdminService 1.0.0 findTasks Optional[0] response header:Optional[0] body:findTasks_result(TTaskResponse(TPageResponse(0,5,1),List(TTask(3,KT2017,sdafda,2,2,2,1,1510798520000,1510798520000,List(),List()...(262)
11-18 14:41:58 058 trans-pool-1-thread-7 INFO - com.isuwang.soa.scala.task.service.TaskAdminService 1.0.0 findTasks operatorId:Optional.empty operatorName:Optional.empty request body:findTasks_args(TTaskRequest(TPageRequest(0,5,None),None,Some(1),Some(2),Some(2),None,None,None,None,None,None))
11-18 14:41:58 059 trans-pool-1-thread-7 DEBUG - com.isuwang.soa.scala.task.service.TaskAdminService 1.0.0 findTasks Optional.empty request header:Optional.empty body:findTasks_args(TTaskRequest(TPageRequest(0,5,None),None,Some(1),Some(2),Some(2),None,None,None,None,None,None))
11-18 14:41:58 059 trans-pool-1-thread-7 DEBUG - SQL Preparing:  SELECT COUNT(*) FROM `task`  WHERE 1=1 AND created_by = ? AND business_type_id= ? AND company_id= ? AND plan_at BETWEEN ? AND ? AND updated_at BETWEEN ? AND ? args: List(JdbcValue(0), JdbcValue(Some(2)), JdbcValue(Some(1)), JdbcValue(1970-01-01 08:00:00.0), JdbcValue(2017-11-18 14:41:58.059), JdbcValue(1970-01-01 08:00:00.0), JdbcValue(2017-11-18 14:41:58.059))
11-18 14:41:58 062 trans-pool-1-thread-7 DEBUG - SQL Preparing:  SELECT * FROM `task`  WHERE 1=1 AND created_by = ? AND business_type_id= ? AND company_id= ? AND plan_at BETWEEN ? AND ? AND updated_at BETWEEN ? AND ? order by updated_at desc limit ?, ? args: List(JdbcValue(0), JdbcValue(Some(2)), JdbcValue(Some(1)), JdbcValue(1970-01-01 08:00:00.0), JdbcValue(2017-11-18 14:41:58.059), JdbcValue(1970-01-01 08:00:00.0), JdbcValue(2017-11-18 14:41:58.059), JdbcValue(0), JdbcValue(5))
11-18 14:41:58 065 trans-pool-1-thread-7 DEBUG - SQL result: 1
11-18 14:41:58 066 trans-pool-1-thread-7 DEBUG - SQL Preparing:  SELECT * FROM `task_log` WHERE task_id in (3) args: List()
11-18 14:41:58 067 trans-pool-1-thread-7 DEBUG - SQL result: 0
11-18 14:41:58 067 trans-pool-1-thread-7 DEBUG - SQL Preparing:  SELECT * FROM `task_attachment` WHERE task_id in (3) args: List()
11-18 14:41:58 068 trans-pool-1-thread-7 DEBUG - SQL result: 0
11-18 14:41:58 069 trans-pool-1-thread-7 DEBUG - SQL Preparing:  SELECT * FROM `task_remark` WHERE task_id in(3) args: List()
11-18 14:41:58 070 trans-pool-1-thread-7 DEBUG - SQL result: 0
11-18 14:41:58 071 trans-pool-1-thread-7 DEBUG - SQL Preparing:  SELECT * FROM `task_item` WHERE task_id in (3) args: List()
11-18 14:41:58 072 trans-pool-1-thread-7 DEBUG - SQL result: 0
11-18 14:41:58 072 trans-pool-1-thread-7 INFO - com.isuwang.soa.scala.task.service.TaskAdminService 1.0.0 findTasks operatorId:Optional[0] operatorName:Optional[0] response body:findTasks_result(TTaskResponse(TPageResponse(0,5,1),List(TTask(3,KT2017,sdafda,2,2,2,1,1510798520000,1510798520000,List(),List()...(262)
11-18 14:41:58 072 trans-pool-1-thread-7 DEBUG - com.isuwang.soa.scala.task.service.TaskAdminService 1.0.0 findTasks Optional[0] response header:Optional[0] body:findTasks_result(TTaskResponse(TPageResponse(0,5,1),List(TTask(3,KT2017,sdafda,2,2,2,1,1510798520000,1510798520000,List(),List()...(262)
11-18 14:42:09 754 trans-pool-1-thread-8 INFO - com.isuwang.soa.scala.task.service.TaskAdminService 1.0.0 findTasks operatorId:Optional.empty operatorName:Optional.empty request body:findTasks_args(TTaskRequest(TPageRequest(0,5,None),None,None,None,Some(2),None,None,None,None,None,None))
11-18 14:42:09 754 trans-pool-1-thread-8 DEBUG - com.isuwang.soa.scala.task.service.TaskAdminService 1.0.0 findTasks Optional.empty request header:Optional.empty body:findTasks_args(TTaskRequest(TPageRequest(0,5,None),None,None,None,Some(2),None,None,None,None,None,None))
11-18 14:42:09 755 trans-pool-1-thread-8 DEBUG - SQL Preparing:  SELECT COUNT(*) FROM `task`  WHERE 1=1 AND created_by = ? AND business_type_id= ? AND plan_at BETWEEN ? AND ? AND updated_at BETWEEN ? AND ? args: List(JdbcValue(0), JdbcValue(Some(2)), JdbcValue(1970-01-01 08:00:00.0), JdbcValue(2017-11-18 14:42:09.754), JdbcValue(1970-01-01 08:00:00.0), JdbcValue(2017-11-18 14:42:09.754))
11-18 14:42:09 758 trans-pool-1-thread-8 DEBUG - SQL Preparing:  SELECT * FROM `task`  WHERE 1=1 AND created_by = ? AND business_type_id= ? AND plan_at BETWEEN ? AND ? AND updated_at BETWEEN ? AND ? order by updated_at desc limit ?, ? args: List(JdbcValue(0), JdbcValue(Some(2)), JdbcValue(1970-01-01 08:00:00.0), JdbcValue(2017-11-18 14:42:09.754), JdbcValue(1970-01-01 08:00:00.0), JdbcValue(2017-11-18 14:42:09.754), JdbcValue(0), JdbcValue(5))
11-18 14:42:09 761 trans-pool-1-thread-8 DEBUG - SQL result: 1
11-18 14:42:09 761 trans-pool-1-thread-8 DEBUG - SQL Preparing:  SELECT * FROM `task_log` WHERE task_id in (3) args: List()
11-18 14:42:09 762 trans-pool-1-thread-8 DEBUG - SQL result: 0
11-18 14:42:09 762 trans-pool-1-thread-8 DEBUG - SQL Preparing:  SELECT * FROM `task_attachment` WHERE task_id in (3) args: List()
11-18 14:42:09 763 trans-pool-1-thread-8 DEBUG - SQL result: 0
11-18 14:42:09 763 trans-pool-1-thread-8 DEBUG - SQL Preparing:  SELECT * FROM `task_remark` WHERE task_id in(3) args: List()
11-18 14:42:09 764 trans-pool-1-thread-8 DEBUG - SQL result: 0
11-18 14:42:09 764 trans-pool-1-thread-8 DEBUG - SQL Preparing:  SELECT * FROM `task_item` WHERE task_id in (3) args: List()
11-18 14:42:09 765 trans-pool-1-thread-8 DEBUG - SQL result: 0
11-18 14:42:09 766 trans-pool-1-thread-8 INFO - com.isuwang.soa.scala.task.service.TaskAdminService 1.0.0 findTasks operatorId:Optional[0] operatorName:Optional[0] response body:findTasks_result(TTaskResponse(TPageResponse(0,5,1),List(TTask(3,KT2017,sdafda,2,2,2,1,1510798520000,1510798520000,List(),List()...(262)
11-18 14:42:09 766 trans-pool-1-thread-8 DEBUG - com.isuwang.soa.scala.task.service.TaskAdminService 1.0.0 findTasks Optional[0] response header:Optional[0] body:findTasks_result(TTaskResponse(TPageResponse(0,5,1),List(TTask(3,KT2017,sdafda,2,2,2,1,1510798520000,1510798520000,List(),List()...(262)
11-18 14:42:14 338 trans-pool-1-thread-9 INFO - com.isuwang.soa.scala.task.service.TaskAdminService 1.0.0 findTasks operatorId:Optional.empty operatorName:Optional.empty request body:findTasks_args(TTaskRequest(TPageRequest(0,5,None),None,None,None,None,None,None,None,None,None,None))
11-18 14:42:14 338 trans-pool-1-thread-9 DEBUG - com.isuwang.soa.scala.task.service.TaskAdminService 1.0.0 findTasks Optional.empty request header:Optional.empty body:findTasks_args(TTaskRequest(TPageRequest(0,5,None),None,None,None,None,None,None,None,None,None,None))
11-18 14:42:14 339 trans-pool-1-thread-9 DEBUG - SQL Preparing:  SELECT COUNT(*) FROM `task`  WHERE 1=1 AND created_by = ? AND plan_at BETWEEN ? AND ? AND updated_at BETWEEN ? AND ? args: List(JdbcValue(0), JdbcValue(1970-01-01 08:00:00.0), JdbcValue(2017-11-18 14:42:14.338), JdbcValue(1970-01-01 08:00:00.0), JdbcValue(2017-11-18 14:42:14.338))
11-18 14:42:14 342 trans-pool-1-thread-9 DEBUG - SQL Preparing:  SELECT * FROM `task`  WHERE 1=1 AND created_by = ? AND plan_at BETWEEN ? AND ? AND updated_at BETWEEN ? AND ? order by updated_at desc limit ?, ? args: List(JdbcValue(0), JdbcValue(1970-01-01 08:00:00.0), JdbcValue(2017-11-18 14:42:14.338), JdbcValue(1970-01-01 08:00:00.0), JdbcValue(2017-11-18 14:42:14.338), JdbcValue(0), JdbcValue(5))
11-18 14:42:14 345 trans-pool-1-thread-9 DEBUG - SQL result: 1
11-18 14:42:14 345 trans-pool-1-thread-9 DEBUG - SQL Preparing:  SELECT * FROM `task_log` WHERE task_id in (3) args: List()
11-18 14:42:14 346 trans-pool-1-thread-9 DEBUG - SQL result: 0
11-18 14:42:14 347 trans-pool-1-thread-9 DEBUG - SQL Preparing:  SELECT * FROM `task_attachment` WHERE task_id in (3) args: List()
11-18 14:42:14 347 trans-pool-1-thread-9 DEBUG - SQL result: 0
11-18 14:42:14 348 trans-pool-1-thread-9 DEBUG - SQL Preparing:  SELECT * FROM `task_remark` WHERE task_id in(3) args: List()
11-18 14:42:14 348 trans-pool-1-thread-9 DEBUG - SQL result: 0
11-18 14:42:14 349 trans-pool-1-thread-9 DEBUG - SQL Preparing:  SELECT * FROM `task_item` WHERE task_id in (3) args: List()
11-18 14:42:14 349 trans-pool-1-thread-9 DEBUG - SQL result: 0
11-18 14:42:14 349 trans-pool-1-thread-9 INFO - com.isuwang.soa.scala.task.service.TaskAdminService 1.0.0 findTasks operatorId:Optional[0] operatorName:Optional[0] response body:findTasks_result(TTaskResponse(TPageResponse(0,5,1),List(TTask(3,KT2017,sdafda,2,2,2,1,1510798520000,1510798520000,List(),List()...(262)
11-18 14:42:14 350 trans-pool-1-thread-9 DEBUG - com.isuwang.soa.scala.task.service.TaskAdminService 1.0.0 findTasks Optional[0] response header:Optional[0] body:findTasks_result(TTaskResponse(TPageResponse(0,5,1),List(TTask(3,KT2017,sdafda,2,2,2,1,1510798520000,1510798520000,List(),List()...(262)
11-18 14:42:19 258 trans-pool-1-thread-10 INFO - com.isuwang.soa.scala.task.service.TaskAdminService 1.0.0 findTasks operatorId:Optional.empty operatorName:Optional.empty request body:findTasks_args(TTaskRequest(TPageRequest(0,5,None),None,None,None,None,None,None,None,None,None,None))
11-18 14:42:19 258 trans-pool-1-thread-10 DEBUG - com.isuwang.soa.scala.task.service.TaskAdminService 1.0.0 findTasks Optional.empty request header:Optional.empty body:findTasks_args(TTaskRequest(TPageRequest(0,5,None),None,None,None,None,None,None,None,None,None,None))
11-18 14:42:19 259 trans-pool-1-thread-10 DEBUG - SQL Preparing:  SELECT COUNT(*) FROM `task`  WHERE 1=1 AND created_by = ? AND plan_at BETWEEN ? AND ? AND updated_at BETWEEN ? AND ? args: List(JdbcValue(0), JdbcValue(1970-01-01 08:00:00.0), JdbcValue(2017-11-18 14:42:19.258), JdbcValue(1970-01-01 08:00:00.0), JdbcValue(2017-11-18 14:42:19.258))
11-18 14:42:19 261 trans-pool-1-thread-10 DEBUG - SQL Preparing:  SELECT * FROM `task`  WHERE 1=1 AND created_by = ? AND plan_at BETWEEN ? AND ? AND updated_at BETWEEN ? AND ? order by updated_at desc limit ?, ? args: List(JdbcValue(0), JdbcValue(1970-01-01 08:00:00.0), JdbcValue(2017-11-18 14:42:19.258), JdbcValue(1970-01-01 08:00:00.0), JdbcValue(2017-11-18 14:42:19.258), JdbcValue(0), JdbcValue(5))
11-18 14:42:19 263 trans-pool-1-thread-10 DEBUG - SQL result: 1
11-18 14:42:19 263 trans-pool-1-thread-10 DEBUG - SQL Preparing:  SELECT * FROM `task_log` WHERE task_id in (3) args: List()
11-18 14:42:19 264 trans-pool-1-thread-10 DEBUG - SQL result: 0
11-18 14:42:19 265 trans-pool-1-thread-10 DEBUG - SQL Preparing:  SELECT * FROM `task_attachment` WHERE task_id in (3) args: List()
11-18 14:42:19 265 trans-pool-1-thread-10 DEBUG - SQL result: 0
11-18 14:42:19 266 trans-pool-1-thread-10 DEBUG - SQL Preparing:  SELECT * FROM `task_remark` WHERE task_id in(3) args: List()
11-18 14:42:19 266 trans-pool-1-thread-10 DEBUG - SQL result: 0
11-18 14:42:19 267 trans-pool-1-thread-10 DEBUG - SQL Preparing:  SELECT * FROM `task_item` WHERE task_id in (3) args: List()
11-18 14:42:19 268 trans-pool-1-thread-10 DEBUG - SQL result: 0
11-18 14:42:19 268 trans-pool-1-thread-10 INFO - com.isuwang.soa.scala.task.service.TaskAdminService 1.0.0 findTasks operatorId:Optional[0] operatorName:Optional[0] response body:findTasks_result(TTaskResponse(TPageResponse(0,5,1),List(TTask(3,KT2017,sdafda,2,2,2,1,1510798520000,1510798520000,List(),List()...(262)
11-18 14:42:19 268 trans-pool-1-thread-10 DEBUG - com.isuwang.soa.scala.task.service.TaskAdminService 1.0.0 findTasks Optional[0] response header:Optional[0] body:findTasks_result(TTaskResponse(TPageResponse(0,5,1),List(TTask(3,KT2017,sdafda,2,2,2,1,1510798520000,1510798520000,List(),List()...(262)
11-18 14:42:38 043 trans-pool-1-thread-11 INFO - com.isuwang.soa.scala.task.service.TaskAdminService 1.0.0 findTasks operatorId:Optional.empty operatorName:Optional.empty request body:findTasks_args(TTaskRequest(TPageRequest(0,5,None),None,None,None,None,None,None,None,None,None,None))
11-18 14:42:38 043 trans-pool-1-thread-11 DEBUG - com.isuwang.soa.scala.task.service.TaskAdminService 1.0.0 findTasks Optional.empty request header:Optional.empty body:findTasks_args(TTaskRequest(TPageRequest(0,5,None),None,None,None,None,None,None,None,None,None,None))
11-18 14:42:38 044 trans-pool-1-thread-11 DEBUG - SQL Preparing:  SELECT COUNT(*) FROM `task`  WHERE 1=1 AND created_by = ? AND plan_at BETWEEN ? AND ? AND updated_at BETWEEN ? AND ? args: List(JdbcValue(0), JdbcValue(1970-01-01 08:00:00.0), JdbcValue(2017-11-18 14:42:38.043), JdbcValue(1970-01-01 08:00:00.0), JdbcValue(2017-11-18 14:42:38.043))
11-18 14:42:38 046 trans-pool-1-thread-11 DEBUG - SQL Preparing:  SELECT * FROM `task`  WHERE 1=1 AND created_by = ? AND plan_at BETWEEN ? AND ? AND updated_at BETWEEN ? AND ? order by updated_at desc limit ?, ? args: List(JdbcValue(0), JdbcValue(1970-01-01 08:00:00.0), JdbcValue(2017-11-18 14:42:38.043), JdbcValue(1970-01-01 08:00:00.0), JdbcValue(2017-11-18 14:42:38.043), JdbcValue(0), JdbcValue(5))
11-18 14:42:38 049 trans-pool-1-thread-11 DEBUG - SQL result: 1
11-18 14:42:38 049 trans-pool-1-thread-11 DEBUG - SQL Preparing:  SELECT * FROM `task_log` WHERE task_id in (3) args: List()
11-18 14:42:38 050 trans-pool-1-thread-11 DEBUG - SQL result: 0
11-18 14:42:38 050 trans-pool-1-thread-11 DEBUG - SQL Preparing:  SELECT * FROM `task_attachment` WHERE task_id in (3) args: List()
11-18 14:42:38 050 trans-pool-1-thread-11 DEBUG - SQL result: 0
11-18 14:42:38 051 trans-pool-1-thread-11 DEBUG - SQL Preparing:  SELECT * FROM `task_remark` WHERE task_id in(3) args: List()
11-18 14:42:38 052 trans-pool-1-thread-11 DEBUG - SQL result: 0
11-18 14:42:38 052 trans-pool-1-thread-11 DEBUG - SQL Preparing:  SELECT * FROM `task_item` WHERE task_id in (3) args: List()
11-18 14:42:38 053 trans-pool-1-thread-11 DEBUG - SQL result: 0
11-18 14:55:29 963 Thread-8 INFO - {dataSource-1} inited
11-18 14:56:17 932 trans-pool-1-thread-1 INFO - com.isuwang.soa.scala.task.service.TaskAdminService 1.0.0 getServiceMetadata operatorId:Optional.empty operatorName:Optional.empty request body:getServiceMetadata_args()
11-18 14:56:17 936 trans-pool-1-thread-1 DEBUG - com.isuwang.soa.scala.task.service.TaskAdminService 1.0.0 getServiceMetadata Optional.empty request header:Optional.empty body:getServiceMetadata_args()
11-18 14:56:17 947 trans-pool-1-thread-1 INFO - com.isuwang.soa.scala.task.service.TaskAdminService 1.0.0 getServiceMetadata operatorId:Optional.empty operatorName:Optional.empty response body:getServiceMetadata_result(<?xml version="1.0" encoding="UTF-8" standalone="yes"?>
<service namespace="com.isuwang.soa.scala.task...(46421)
11-18 14:56:17 947 trans-pool-1-thread-1 DEBUG - com.isuwang.soa.scala.task.service.TaskAdminService 1.0.0 getServiceMetadata Optional.empty response header:Optional.empty body:getServiceMetadata_result(<?xml version="1.0" encoding="UTF-8" standalone="yes"?>
<service namespace="com.isuwang.soa.scala.task...(46421)
11-18 14:56:18 110 trans-pool-1-thread-2 INFO - com.isuwang.soa.scala.task.service.TaskBusinessService 1.0.0 getServiceMetadata operatorId:Optional.empty operatorName:Optional.empty request body:getServiceMetadata_args()
11-18 14:56:18 110 trans-pool-1-thread-2 DEBUG - com.isuwang.soa.scala.task.service.TaskBusinessService 1.0.0 getServiceMetadata Optional.empty request header:Optional.empty body:getServiceMetadata_args()
11-18 14:56:18 112 trans-pool-1-thread-2 INFO - com.isuwang.soa.scala.task.service.TaskBusinessService 1.0.0 getServiceMetadata operatorId:Optional.empty operatorName:Optional.empty response body:getServiceMetadata_result(<?xml version="1.0" encoding="UTF-8" standalone="yes"?>
<service namespace="com.isuwang.soa.scala.task...(13728)
11-18 14:56:18 112 trans-pool-1-thread-2 DEBUG - com.isuwang.soa.scala.task.service.TaskBusinessService 1.0.0 getServiceMetadata Optional.empty response header:Optional.empty body:getServiceMetadata_result(<?xml version="1.0" encoding="UTF-8" standalone="yes"?>
<service namespace="com.isuwang.soa.scala.task...(13728)
11-18 14:56:18 125 trans-pool-1-thread-3 INFO - com.isuwang.soa.scala.task.service.TaskSuggestionService 1.0.0 getServiceMetadata operatorId:Optional.empty operatorName:Optional.empty request body:getServiceMetadata_args()
11-18 14:56:18 125 trans-pool-1-thread-3 DEBUG - com.isuwang.soa.scala.task.service.TaskSuggestionService 1.0.0 getServiceMetadata Optional.empty request header:Optional.empty body:getServiceMetadata_args()
11-18 14:56:18 127 trans-pool-1-thread-3 INFO - com.isuwang.soa.scala.task.service.TaskSuggestionService 1.0.0 getServiceMetadata operatorId:Optional.empty operatorName:Optional.empty response body:getServiceMetadata_result(<?xml version="1.0" encoding="UTF-8" standalone="yes"?>
<service namespace="com.isuwang.soa.scala.task...(14123)
11-18 14:56:18 127 trans-pool-1-thread-3 DEBUG - com.isuwang.soa.scala.task.service.TaskSuggestionService 1.0.0 getServiceMetadata Optional.empty response header:Optional.empty body:getServiceMetadata_result(<?xml version="1.0" encoding="UTF-8" standalone="yes"?>
<service namespace="com.isuwang.soa.scala.task...(14123)
11-18 14:56:20 882 trans-pool-1-thread-4 INFO - com.isuwang.soa.scala.task.service.TaskAdminService 1.0.0 findTasks operatorId:Optional.empty operatorName:Optional.empty request body:findTasks_args(TTaskRequest(TPageRequest(0,5,None),None,None,None,None,None,None,None,None,None,None))
11-18 14:56:20 882 trans-pool-1-thread-4 DEBUG - com.isuwang.soa.scala.task.service.TaskAdminService 1.0.0 findTasks Optional.empty request header:Optional.empty body:findTasks_args(TTaskRequest(TPageRequest(0,5,None),None,None,None,None,None,None,None,None,None,None))
11-18 14:56:21 016 trans-pool-1-thread-4 DEBUG - SQL Preparing:  SELECT COUNT(*) FROM `task`  WHERE 1=1 AND created_by = ? AND updated_at BETWEEN ? AND ? args: List(JdbcValue(0), JdbcValue(1970-01-01 08:00:00.0), JdbcValue(2017-11-18 14:56:20.958))
11-18 14:56:21 117 trans-pool-1-thread-4 DEBUG - SQL Preparing:  SELECT * FROM `task`  WHERE 1=1 AND created_by = ? AND updated_at BETWEEN ? AND ? order by updated_at desc limit ?, ? args: List(JdbcValue(0), JdbcValue(1970-01-01 08:00:00.0), JdbcValue(2017-11-18 14:56:20.958), JdbcValue(0), JdbcValue(5))
11-18 14:56:21 179 trans-pool-1-thread-4 DEBUG - SQL result: 5
11-18 14:56:21 182 trans-pool-1-thread-4 DEBUG - SQL Preparing:  SELECT * FROM `task_log` WHERE task_id in (9,7,8,6,5) args: List()
11-18 14:56:21 187 trans-pool-1-thread-4 DEBUG - SQL result: 5
11-18 14:56:21 196 trans-pool-1-thread-4 DEBUG - SQL Preparing:  SELECT * FROM `task_attachment` WHERE task_id in (9,7,8,6,5) args: List()
11-18 14:56:21 198 trans-pool-1-thread-4 DEBUG - SQL result: 0
11-18 14:56:21 201 trans-pool-1-thread-4 DEBUG - SQL Preparing:  SELECT * FROM `task_remark` WHERE task_id in(9,7,8,6,5) args: List()
11-18 14:56:21 202 trans-pool-1-thread-4 DEBUG - SQL result: 0
11-18 14:56:21 204 trans-pool-1-thread-4 DEBUG - SQL Preparing:  SELECT * FROM `task_item` WHERE task_id in (9,7,8,6,5) args: List()
11-18 14:56:21 206 trans-pool-1-thread-4 DEBUG - SQL result: 4
11-18 14:56:21 215 trans-pool-1-thread-4 INFO - com.isuwang.soa.scala.task.service.TaskAdminService 1.0.0 findTasks operatorId:Optional[0] operatorName:Optional[0] response body:findTasks_result(TTaskResponse(TPageResponse(0,5,9),List(TTask(9,KT2017,1,2,1,1,1,1510813743000,1510813743000,List(),List(TTaskI...(1240)
11-18 14:56:21 216 trans-pool-1-thread-4 DEBUG - com.isuwang.soa.scala.task.service.TaskAdminService 1.0.0 findTasks Optional[0] response header:Optional[0] body:findTasks_result(TTaskResponse(TPageResponse(0,5,9),List(TTask(9,KT2017,1,2,1,1,1,1510813743000,1510813743000,List(),List(TTaskI...(1240)
11-18 14:57:49 996 trans-pool-1-thread-5 INFO - com.isuwang.soa.scala.task.service.TaskAdminService 1.0.0 findTasks operatorId:Optional.empty operatorName:Optional.empty request body:findTasks_args(TTaskRequest(TPageRequest(0,5,None),None,None,None,None,None,None,Some(1510790400000),None,None,None))
11-18 14:57:49 997 trans-pool-1-thread-5 DEBUG - com.isuwang.soa.scala.task.service.TaskAdminService 1.0.0 findTasks Optional.empty request header:Optional.empty body:findTasks_args(TTaskRequest(TPageRequest(0,5,None),None,None,None,None,None,None,Some(1510790400000),None,None,None))
11-18 14:57:49 999 trans-pool-1-thread-5 DEBUG - SQL Preparing:  SELECT COUNT(*) FROM `task`  WHERE 1=1 AND created_by = ? AND plan_at BETWEEN ? AND ? AND updated_at BETWEEN ? AND ? args: List(JdbcValue(0), JdbcValue(2017-11-16 08:00:00.0), JdbcValue(2017-11-18 14:57:49.997), JdbcValue(1970-01-01 08:00:00.0), JdbcValue(2017-11-18 14:57:49.997))
11-18 14:57:50 002 trans-pool-1-thread-5 DEBUG - SQL Preparing:  SELECT * FROM `task`  WHERE 1=1 AND created_by = ? AND plan_at BETWEEN ? AND ? AND updated_at BETWEEN ? AND ? order by updated_at desc limit ?, ? args: List(JdbcValue(0), JdbcValue(2017-11-16 08:00:00.0), JdbcValue(2017-11-18 14:57:49.997), JdbcValue(1970-01-01 08:00:00.0), JdbcValue(2017-11-18 14:57:49.997), JdbcValue(0), JdbcValue(5))
11-18 14:57:50 005 trans-pool-1-thread-5 DEBUG - SQL result: 1
11-18 14:57:50 006 trans-pool-1-thread-5 DEBUG - SQL Preparing:  SELECT * FROM `task_log` WHERE task_id in (3) args: List()
11-18 14:57:50 007 trans-pool-1-thread-5 DEBUG - SQL result: 0
11-18 14:57:50 008 trans-pool-1-thread-5 DEBUG - SQL Preparing:  SELECT * FROM `task_attachment` WHERE task_id in (3) args: List()
11-18 14:57:50 009 trans-pool-1-thread-5 DEBUG - SQL result: 0
11-18 14:57:50 009 trans-pool-1-thread-5 DEBUG - SQL Preparing:  SELECT * FROM `task_remark` WHERE task_id in(3) args: List()
11-18 14:57:50 011 trans-pool-1-thread-5 DEBUG - SQL result: 0
11-18 14:57:50 011 trans-pool-1-thread-5 DEBUG - SQL Preparing:  SELECT * FROM `task_item` WHERE task_id in (3) args: List()
11-18 14:57:50 012 trans-pool-1-thread-5 DEBUG - SQL result: 0
11-18 14:57:50 013 trans-pool-1-thread-5 INFO - com.isuwang.soa.scala.task.service.TaskAdminService 1.0.0 findTasks operatorId:Optional[0] operatorName:Optional[0] response body:findTasks_result(TTaskResponse(TPageResponse(0,5,1),List(TTask(3,KT2017,sdafda,2,2,2,1,1510798520000,1510798520000,List(),List()...(262)
11-18 14:57:50 013 trans-pool-1-thread-5 DEBUG - com.isuwang.soa.scala.task.service.TaskAdminService 1.0.0 findTasks Optional[0] response header:Optional[0] body:findTasks_result(TTaskResponse(TPageResponse(0,5,1),List(TTask(3,KT2017,sdafda,2,2,2,1,1510798520000,1510798520000,List(),List()...(262)
11-18 14:58:12 316 trans-pool-1-thread-6 INFO - com.isuwang.soa.scala.task.service.TaskAdminService 1.0.0 findTasks operatorId:Optional.empty operatorName:Optional.empty request body:findTasks_args(TTaskRequest(TPageRequest(0,5,None),None,None,None,None,None,None,None,Some(1510876800000),None,None))
11-18 14:58:12 316 trans-pool-1-thread-6 DEBUG - com.isuwang.soa.scala.task.service.TaskAdminService 1.0.0 findTasks Optional.empty request header:Optional.empty body:findTasks_args(TTaskRequest(TPageRequest(0,5,None),None,None,None,None,None,None,None,Some(1510876800000),None,None))
11-18 14:58:12 317 trans-pool-1-thread-6 DEBUG - SQL Preparing:  SELECT COUNT(*) FROM `task`  WHERE 1=1 AND created_by = ? AND plan_at BETWEEN ? AND ? AND updated_at BETWEEN ? AND ? args: List(JdbcValue(0), JdbcValue(1970-01-01 08:00:00.0), JdbcValue(2017-11-17 08:00:00.0), JdbcValue(1970-01-01 08:00:00.0), JdbcValue(2017-11-18 14:58:12.317))
11-18 14:58:12 320 trans-pool-1-thread-6 DEBUG - SQL Preparing:  SELECT * FROM `task`  WHERE 1=1 AND created_by = ? AND plan_at BETWEEN ? AND ? AND updated_at BETWEEN ? AND ? order by updated_at desc limit ?, ? args: List(JdbcValue(0), JdbcValue(1970-01-01 08:00:00.0), JdbcValue(2017-11-17 08:00:00.0), JdbcValue(1970-01-01 08:00:00.0), JdbcValue(2017-11-18 14:58:12.317), JdbcValue(0), JdbcValue(5))
11-18 14:58:12 322 trans-pool-1-thread-6 DEBUG - SQL result: 1
11-18 14:58:12 323 trans-pool-1-thread-6 DEBUG - SQL Preparing:  SELECT * FROM `task_log` WHERE task_id in (3) args: List()
11-18 14:58:12 324 trans-pool-1-thread-6 DEBUG - SQL result: 0
11-18 14:58:12 324 trans-pool-1-thread-6 DEBUG - SQL Preparing:  SELECT * FROM `task_attachment` WHERE task_id in (3) args: List()
11-18 14:58:12 325 trans-pool-1-thread-6 DEBUG - SQL result: 0
11-18 14:58:12 325 trans-pool-1-thread-6 DEBUG - SQL Preparing:  SELECT * FROM `task_remark` WHERE task_id in(3) args: List()
11-18 14:58:12 326 trans-pool-1-thread-6 DEBUG - SQL result: 0
11-18 14:58:12 327 trans-pool-1-thread-6 DEBUG - SQL Preparing:  SELECT * FROM `task_item` WHERE task_id in (3) args: List()
11-18 14:58:12 328 trans-pool-1-thread-6 DEBUG - SQL result: 0
11-18 14:58:12 328 trans-pool-1-thread-6 INFO - com.isuwang.soa.scala.task.service.TaskAdminService 1.0.0 findTasks operatorId:Optional[0] operatorName:Optional[0] response body:findTasks_result(TTaskResponse(TPageResponse(0,5,1),List(TTask(3,KT2017,sdafda,2,2,2,1,1510798520000,1510798520000,List(),List()...(262)
11-18 14:58:12 329 trans-pool-1-thread-6 DEBUG - com.isuwang.soa.scala.task.service.TaskAdminService 1.0.0 findTasks Optional[0] response header:Optional[0] body:findTasks_result(TTaskResponse(TPageResponse(0,5,1),List(TTask(3,KT2017,sdafda,2,2,2,1,1510798520000,1510798520000,List(),List()...(262)
11-18 14:58:37 248 trans-pool-1-thread-7 INFO - com.isuwang.soa.scala.task.service.TaskAdminService 1.0.0 findTasks operatorId:Optional.empty operatorName:Optional.empty request body:findTasks_args(TTaskRequest(TPageRequest(0,5,None),None,None,None,None,None,None,None,None,Some(1510876800000),None))
11-18 14:58:37 249 trans-pool-1-thread-7 DEBUG - com.isuwang.soa.scala.task.service.TaskAdminService 1.0.0 findTasks Optional.empty request header:Optional.empty body:findTasks_args(TTaskRequest(TPageRequest(0,5,None),None,None,None,None,None,None,None,None,Some(1510876800000),None))
11-18 14:58:37 250 trans-pool-1-thread-7 DEBUG - SQL Preparing:  SELECT COUNT(*) FROM `task`  WHERE 1=1 AND created_by = ? AND updated_at BETWEEN ? AND ? args: List(JdbcValue(0), JdbcValue(2017-11-17 08:00:00.0), JdbcValue(2017-11-18 14:58:37.249))
11-18 14:58:37 252 trans-pool-1-thread-7 DEBUG - SQL Preparing:  SELECT * FROM `task`  WHERE 1=1 AND created_by = ? AND updated_at BETWEEN ? AND ? order by updated_at desc limit ?, ? args: List(JdbcValue(0), JdbcValue(2017-11-17 08:00:00.0), JdbcValue(2017-11-18 14:58:37.249), JdbcValue(0), JdbcValue(5))
11-18 14:58:37 253 trans-pool-1-thread-7 DEBUG - SQL result: 0
11-18 14:58:37 254 trans-pool-1-thread-7 INFO - com.isuwang.soa.scala.task.service.TaskAdminService 1.0.0 findTasks operatorId:Optional[0] operatorName:Optional[0] response body:findTasks_result(TTaskResponse(TPageResponse(0,5,0),List()))
11-18 14:58:37 254 trans-pool-1-thread-7 DEBUG - com.isuwang.soa.scala.task.service.TaskAdminService 1.0.0 findTasks Optional[0] response header:Optional[0] body:findTasks_result(TTaskResponse(TPageResponse(0,5,0),List()))
11-18 14:58:44 564 trans-pool-1-thread-8 INFO - com.isuwang.soa.scala.task.service.TaskAdminService 1.0.0 findTasks operatorId:Optional.empty operatorName:Optional.empty request body:findTasks_args(TTaskRequest(TPageRequest(0,5,None),None,None,None,None,None,None,None,None,None,Some(1510876800000)))
11-18 14:58:44 564 trans-pool-1-thread-8 DEBUG - com.isuwang.soa.scala.task.service.TaskAdminService 1.0.0 findTasks Optional.empty request header:Optional.empty body:findTasks_args(TTaskRequest(TPageRequest(0,5,None),None,None,None,None,None,None,None,None,None,Some(1510876800000)))
11-18 14:58:44 565 trans-pool-1-thread-8 DEBUG - SQL Preparing:  SELECT COUNT(*) FROM `task`  WHERE 1=1 AND created_by = ? AND updated_at BETWEEN ? AND ? args: List(JdbcValue(0), JdbcValue(1970-01-01 08:00:00.0), JdbcValue(2017-11-17 08:00:00.0))
11-18 14:58:44 568 trans-pool-1-thread-8 DEBUG - SQL Preparing:  SELECT * FROM `task`  WHERE 1=1 AND created_by = ? AND updated_at BETWEEN ? AND ? order by updated_at desc limit ?, ? args: List(JdbcValue(0), JdbcValue(1970-01-01 08:00:00.0), JdbcValue(2017-11-17 08:00:00.0), JdbcValue(0), JdbcValue(5))
11-18 14:58:44 572 trans-pool-1-thread-8 DEBUG - SQL result: 5
11-18 14:58:44 573 trans-pool-1-thread-8 DEBUG - SQL Preparing:  SELECT * FROM `task_log` WHERE task_id in (9,7,8,6,5) args: List()
11-18 14:58:44 575 trans-pool-1-thread-8 DEBUG - SQL result: 5
11-18 14:58:44 576 trans-pool-1-thread-8 DEBUG - SQL Preparing:  SELECT * FROM `task_attachment` WHERE task_id in (9,7,8,6,5) args: List()
11-18 14:58:44 576 trans-pool-1-thread-8 DEBUG - SQL result: 0
11-18 14:58:44 577 trans-pool-1-thread-8 DEBUG - SQL Preparing:  SELECT * FROM `task_remark` WHERE task_id in(9,7,8,6,5) args: List()
11-18 14:58:44 577 trans-pool-1-thread-8 DEBUG - SQL result: 0
11-18 14:58:44 578 trans-pool-1-thread-8 DEBUG - SQL Preparing:  SELECT * FROM `task_item` WHERE task_id in (9,7,8,6,5) args: List()
11-18 14:58:44 579 trans-pool-1-thread-8 DEBUG - SQL result: 4
11-18 14:58:44 580 trans-pool-1-thread-8 INFO - com.isuwang.soa.scala.task.service.TaskAdminService 1.0.0 findTasks operatorId:Optional[0] operatorName:Optional[0] response body:findTasks_result(TTaskResponse(TPageResponse(0,5,9),List(TTask(9,KT2017,1,2,1,1,1,1510813743000,1510813743000,List(),List(TTaskI...(1240)
11-18 14:58:44 581 trans-pool-1-thread-8 DEBUG - com.isuwang.soa.scala.task.service.TaskAdminService 1.0.0 findTasks Optional[0] response header:Optional[0] body:findTasks_result(TTaskResponse(TPageResponse(0,5,9),List(TTask(9,KT2017,1,2,1,1,1,1510813743000,1510813743000,List(),List(TTaskI...(1240)
11-18 15:09:26 394 Thread-8 INFO - {dataSource-1} inited
11-18 15:10:14 295 trans-pool-1-thread-1 INFO - com.isuwang.soa.scala.task.service.TaskAdminService 1.0.0 getServiceMetadata operatorId:Optional.empty operatorName:Optional.empty request body:getServiceMetadata_args()
11-18 15:10:14 298 trans-pool-1-thread-1 DEBUG - com.isuwang.soa.scala.task.service.TaskAdminService 1.0.0 getServiceMetadata Optional.empty request header:Optional.empty body:getServiceMetadata_args()
11-18 15:10:14 311 trans-pool-1-thread-1 INFO - com.isuwang.soa.scala.task.service.TaskAdminService 1.0.0 getServiceMetadata operatorId:Optional.empty operatorName:Optional.empty response body:getServiceMetadata_result(<?xml version="1.0" encoding="UTF-8" standalone="yes"?>
<service namespace="com.isuwang.soa.scala.task...(46421)
11-18 15:10:14 311 trans-pool-1-thread-1 DEBUG - com.isuwang.soa.scala.task.service.TaskAdminService 1.0.0 getServiceMetadata Optional.empty response header:Optional.empty body:getServiceMetadata_result(<?xml version="1.0" encoding="UTF-8" standalone="yes"?>
<service namespace="com.isuwang.soa.scala.task...(46421)
11-18 15:10:14 430 trans-pool-1-thread-2 INFO - com.isuwang.soa.scala.task.service.TaskBusinessService 1.0.0 getServiceMetadata operatorId:Optional.empty operatorName:Optional.empty request body:getServiceMetadata_args()
11-18 15:10:14 430 trans-pool-1-thread-2 DEBUG - com.isuwang.soa.scala.task.service.TaskBusinessService 1.0.0 getServiceMetadata Optional.empty request header:Optional.empty body:getServiceMetadata_args()
11-18 15:10:14 432 trans-pool-1-thread-2 INFO - com.isuwang.soa.scala.task.service.TaskBusinessService 1.0.0 getServiceMetadata operatorId:Optional.empty operatorName:Optional.empty response body:getServiceMetadata_result(<?xml version="1.0" encoding="UTF-8" standalone="yes"?>
<service namespace="com.isuwang.soa.scala.task...(13728)
11-18 15:10:14 432 trans-pool-1-thread-2 DEBUG - com.isuwang.soa.scala.task.service.TaskBusinessService 1.0.0 getServiceMetadata Optional.empty response header:Optional.empty body:getServiceMetadata_result(<?xml version="1.0" encoding="UTF-8" standalone="yes"?>
<service namespace="com.isuwang.soa.scala.task...(13728)
11-18 15:10:14 441 trans-pool-1-thread-3 INFO - com.isuwang.soa.scala.task.service.TaskSuggestionService 1.0.0 getServiceMetadata operatorId:Optional.empty operatorName:Optional.empty request body:getServiceMetadata_args()
11-18 15:10:14 441 trans-pool-1-thread-3 DEBUG - com.isuwang.soa.scala.task.service.TaskSuggestionService 1.0.0 getServiceMetadata Optional.empty request header:Optional.empty body:getServiceMetadata_args()
11-18 15:10:14 442 trans-pool-1-thread-3 INFO - com.isuwang.soa.scala.task.service.TaskSuggestionService 1.0.0 getServiceMetadata operatorId:Optional.empty operatorName:Optional.empty response body:getServiceMetadata_result(<?xml version="1.0" encoding="UTF-8" standalone="yes"?>
<service namespace="com.isuwang.soa.scala.task...(14123)
11-18 15:10:14 443 trans-pool-1-thread-3 DEBUG - com.isuwang.soa.scala.task.service.TaskSuggestionService 1.0.0 getServiceMetadata Optional.empty response header:Optional.empty body:getServiceMetadata_result(<?xml version="1.0" encoding="UTF-8" standalone="yes"?>
<service namespace="com.isuwang.soa.scala.task...(14123)
